<?xml version="1.0" encoding="UTF-8"?>
<!-- Generated by org.testng.reporters.JUnitXMLReporter -->
<testsuite ignored="0" hostname="USBLRPANARASIM9" failures="0" tests="3" name="Submit Order Test" time="59.303" errors="0" timestamp="09 Dec 2024 06:34:06 GMT">
  <testcase classname="rahulshettyacademy.test.SubmitTest" name="submitTestOrder" time="13.615"/>
  <testcase classname="rahulshettyacademy.test.SubmitTest" name="submitTestOrder" time="13.862"/>
  <testcase classname="rahulshettyacademy.test.SubmitTest" name="OrderHistoryTest" time="1.617"/>
</testsuite> <!-- Submit Order Test -->
