<?xml version="1.0" encoding="UTF-8"?>
<!-- Generated by org.testng.reporters.JUnitXMLReporter -->
<testsuite ignored="0" hostname="USBLRPANARASIM9" failures="0" tests="2" name="Error Validation Test" time="25.028" errors="0" timestamp="09 Dec 2024 14:33:14 GMT">
  <testcase classname="rahulshettyacademy.test.errorValidationsTest" name="logincase" time="1.052"/>
  <testcase classname="rahulshettyacademy.test.errorValidationsTest" name="prodcutErrorValidation" time="9.715"/>
</testsuite> <!-- Error Validation Test -->
