<?xml version="1.0" encoding="UTF-8"?>
<!-- Generated by org.testng.reporters.JUnitXMLReporter -->
<testsuite ignored="0" hostname="USBLRPANARASIM9" failures="0" tests="3" name="Submit Order Test" time="60.718" errors="0" timestamp="09 Dec 2024 14:32:48 GMT">
  <testcase classname="rahulshettyacademy.test.SubmitTest" name="submitTestOrder" time="12.767"/>
  <testcase classname="rahulshettyacademy.test.SubmitTest" name="submitTestOrder" time="18.378"/>
  <testcase classname="rahulshettyacademy.test.SubmitTest" name="OrderHistoryTest" time="2.296"/>
</testsuite> <!-- Submit Order Test -->
