<?xml version="1.0" encoding="UTF-8"?>
<!-- Generated by org.testng.reporters.JUnitXMLReporter -->
<testsuite ignored="0" hostname="USBLRPANARASIM9" failures="0" tests="3" name="Submit Order Test" time="68.438" errors="0" timestamp="09 Dec 2024 04:24:17 GMT">
  <testcase classname="rahulshettyacademy.test.SubmitTest" name="submitTestOrder" time="19.784"/>
  <testcase classname="rahulshettyacademy.test.SubmitTest" name="submitTestOrder" time="14.192"/>
  <testcase classname="rahulshettyacademy.test.SubmitTest" name="OrderHistoryTest" time="2.097"/>
</testsuite> <!-- Submit Order Test -->
